Line 57: Class Fargo.ctlXPButton of control cmdOK was not a loaded control class.
Line 96: Class Fargo.ctlXPButton of control cmdCancel was not a loaded control class.
Line 58: The property name Default in cmdOK is invalid.
Line 64: The property name _ExtentX in cmdOK is invalid.
Line 65: The property name _ExtentY in cmdOK is invalid.
Line 66: The property name BTYPE in cmdOK is invalid.
Line 67: The property name TX in cmdOK is invalid.
Line 68: The property name ENAB in cmdOK is invalid.
Line 78: The property name COLTYPE in cmdOK is invalid.
Line 79: The property name FOCUSR in cmdOK is invalid.
Line 80: The property name BCOL in cmdOK is invalid.
Line 81: The property name BCOLO in cmdOK is invalid.
Line 82: The property name FCOL in cmdOK is invalid.
Line 83: The property name FCOLO in cmdOK is invalid.
Line 84: The property name MCOL in cmdOK is invalid.
Line 85: The property name MPTR in cmdOK is invalid.
Line 86: The property name MICON in cmdOK is invalid.
Line 87: The property name UMCOL in cmdOK is invalid.
Line 88: The property name SOFT in cmdOK is invalid.
Line 89: The property name PICPOS in cmdOK is invalid.
Line 90: The property name NGREY in cmdOK is invalid.
Line 91: The property name FX in cmdOK is invalid.
Line 92: The property name HAND in cmdOK is invalid.
Line 93: The property name CHECK in cmdOK is invalid.
Line 94: The property name VALUE in cmdOK is invalid.
Line 97: The property name Cancel in cmdCancel is invalid.
Line 103: The property name _ExtentX in cmdCancel is invalid.
Line 104: The property name _ExtentY in cmdCancel is invalid.
Line 105: The property name BTYPE in cmdCancel is invalid.
Line 106: The property name TX in cmdCancel is invalid.
Line 107: The property name ENAB in cmdCancel is invalid.
Line 117: The property name COLTYPE in cmdCancel is invalid.
Line 118: The property name FOCUSR in cmdCancel is invalid.
Line 119: The property name BCOL in cmdCancel is invalid.
Line 120: The property name BCOLO in cmdCancel is invalid.
Line 121: The property name FCOL in cmdCancel is invalid.
Line 122: The property name FCOLO in cmdCancel is invalid.
Line 123: The property name MCOL in cmdCancel is invalid.
Line 124: The property name MPTR in cmdCancel is invalid.
Line 125: The property name MICON in cmdCancel is invalid.
Line 126: The property name UMCOL in cmdCancel is invalid.
Line 127: The property name SOFT in cmdCancel is invalid.
Line 128: The property name PICPOS in cmdCancel is invalid.
Line 129: The property name NGREY in cmdCancel is invalid.
Line 130: The property name FX in cmdCancel is invalid.
Line 131: The property name HAND in cmdCancel is invalid.
Line 132: The property name CHECK in cmdCancel is invalid.
Line 133: The property name VALUE in cmdCancel is invalid.
