Line 54: Class Fargo.ctlXPButton of control cmdCancel was not a loaded control class.
Line 92: Class Fargo.ctlXPButton of control cmdOK was not a loaded control class.
Line 60: The property name _ExtentX in cmdCancel is invalid.
Line 61: The property name _ExtentY in cmdCancel is invalid.
Line 62: The property name BTYPE in cmdCancel is invalid.
Line 63: The property name TX in cmdCancel is invalid.
Line 64: The property name ENAB in cmdCancel is invalid.
Line 74: The property name COLTYPE in cmdCancel is invalid.
Line 75: The property name FOCUSR in cmdCancel is invalid.
Line 76: The property name BCOL in cmdCancel is invalid.
Line 77: The property name BCOLO in cmdCancel is invalid.
Line 78: The property name FCOL in cmdCancel is invalid.
Line 79: The property name FCOLO in cmdCancel is invalid.
Line 80: The property name MCOL in cmdCancel is invalid.
Line 81: The property name MPTR in cmdCancel is invalid.
Line 82: The property name MICON in cmdCancel is invalid.
Line 83: The property name UMCOL in cmdCancel is invalid.
Line 84: The property name SOFT in cmdCancel is invalid.
Line 85: The property name PICPOS in cmdCancel is invalid.
Line 86: The property name NGREY in cmdCancel is invalid.
Line 87: The property name FX in cmdCancel is invalid.
Line 88: The property name HAND in cmdCancel is invalid.
Line 89: The property name CHECK in cmdCancel is invalid.
Line 90: The property name VALUE in cmdCancel is invalid.
Line 93: The property name Default in cmdOK is invalid.
Line 99: The property name _ExtentX in cmdOK is invalid.
Line 100: The property name _ExtentY in cmdOK is invalid.
Line 101: The property name BTYPE in cmdOK is invalid.
Line 102: The property name TX in cmdOK is invalid.
Line 103: The property name ENAB in cmdOK is invalid.
Line 113: The property name COLTYPE in cmdOK is invalid.
Line 114: The property name FOCUSR in cmdOK is invalid.
Line 115: The property name BCOL in cmdOK is invalid.
Line 116: The property name BCOLO in cmdOK is invalid.
Line 117: The property name FCOL in cmdOK is invalid.
Line 118: The property name FCOLO in cmdOK is invalid.
Line 119: The property name MCOL in cmdOK is invalid.
Line 120: The property name MPTR in cmdOK is invalid.
Line 121: The property name MICON in cmdOK is invalid.
Line 122: The property name UMCOL in cmdOK is invalid.
Line 123: The property name SOFT in cmdOK is invalid.
Line 124: The property name PICPOS in cmdOK is invalid.
Line 125: The property name NGREY in cmdOK is invalid.
Line 126: The property name FX in cmdOK is invalid.
Line 127: The property name HAND in cmdOK is invalid.
Line 128: The property name CHECK in cmdOK is invalid.
Line 129: The property name VALUE in cmdOK is invalid.
