Line 63: Class Fargo.ctlXPButton of control cmdCancel was not a loaded control class.
Line 102: Class Fargo.ctlXPButton of control cmdOK was not a loaded control class.
Line 64: The property name Cancel in cmdCancel is invalid.
Line 70: The property name _ExtentX in cmdCancel is invalid.
Line 71: The property name _ExtentY in cmdCancel is invalid.
Line 72: The property name BTYPE in cmdCancel is invalid.
Line 73: The property name TX in cmdCancel is invalid.
Line 74: The property name ENAB in cmdCancel is invalid.
Line 84: The property name COLTYPE in cmdCancel is invalid.
Line 85: The property name FOCUSR in cmdCancel is invalid.
Line 86: The property name BCOL in cmdCancel is invalid.
Line 87: The property name BCOLO in cmdCancel is invalid.
Line 88: The property name FCOL in cmdCancel is invalid.
Line 89: The property name FCOLO in cmdCancel is invalid.
Line 90: The property name MCOL in cmdCancel is invalid.
Line 91: The property name MPTR in cmdCancel is invalid.
Line 92: The property name MICON in cmdCancel is invalid.
Line 93: The property name UMCOL in cmdCancel is invalid.
Line 94: The property name SOFT in cmdCancel is invalid.
Line 95: The property name PICPOS in cmdCancel is invalid.
Line 96: The property name NGREY in cmdCancel is invalid.
Line 97: The property name FX in cmdCancel is invalid.
Line 98: The property name HAND in cmdCancel is invalid.
Line 99: The property name CHECK in cmdCancel is invalid.
Line 100: The property name VALUE in cmdCancel is invalid.
Line 103: The property name Default in cmdOK is invalid.
Line 109: The property name _ExtentX in cmdOK is invalid.
Line 110: The property name _ExtentY in cmdOK is invalid.
Line 111: The property name BTYPE in cmdOK is invalid.
Line 112: The property name TX in cmdOK is invalid.
Line 113: The property name ENAB in cmdOK is invalid.
Line 123: The property name COLTYPE in cmdOK is invalid.
Line 124: The property name FOCUSR in cmdOK is invalid.
Line 125: The property name BCOL in cmdOK is invalid.
Line 126: The property name BCOLO in cmdOK is invalid.
Line 127: The property name FCOL in cmdOK is invalid.
Line 128: The property name FCOLO in cmdOK is invalid.
Line 129: The property name MCOL in cmdOK is invalid.
Line 130: The property name MPTR in cmdOK is invalid.
Line 131: The property name MICON in cmdOK is invalid.
Line 132: The property name UMCOL in cmdOK is invalid.
Line 133: The property name SOFT in cmdOK is invalid.
Line 134: The property name PICPOS in cmdOK is invalid.
Line 135: The property name NGREY in cmdOK is invalid.
Line 136: The property name FX in cmdOK is invalid.
Line 137: The property name HAND in cmdOK is invalid.
Line 138: The property name CHECK in cmdOK is invalid.
Line 139: The property name VALUE in cmdOK is invalid.
