Line 35: Class Fargo.ctlXPButton of control cmdButton was not a loaded control class.
Line 75: Class Fargo.ctlXPButton of control cmdLabel was not a loaded control class.
Line 116: Class Fargo.ctlXPButton of control cmdFrame was not a loaded control class.
Line 157: Class Fargo.ctlXPButton of control cmdPicture was not a loaded control class.
Line 198: Class Fargo.ctlXPButton of control cmdTextBox was not a loaded control class.
Line 239: Class Fargo.ctlXPButton of control cmdCheckBox was not a loaded control class.
Line 280: Class Fargo.ctlXPButton of control cmdOption was not a loaded control class.
Line 321: Class Fargo.ctlXPButton of control cmdMouse was not a loaded control class.
Line 42: The property name _ExtentX in cmdButton is invalid.
Line 43: The property name _ExtentY in cmdButton is invalid.
Line 44: The property name BTYPE in cmdButton is invalid.
Line 45: The property name TX in cmdButton is invalid.
Line 46: The property name ENAB in cmdButton is invalid.
Line 56: The property name COLTYPE in cmdButton is invalid.
Line 57: The property name FOCUSR in cmdButton is invalid.
Line 58: The property name BCOL in cmdButton is invalid.
Line 59: The property name BCOLO in cmdButton is invalid.
Line 60: The property name FCOL in cmdButton is invalid.
Line 61: The property name FCOLO in cmdButton is invalid.
Line 62: The property name MCOL in cmdButton is invalid.
Line 63: The property name MPTR in cmdButton is invalid.
Line 64: The property name MICON in cmdButton is invalid.
Line 65: The property name PICN in cmdButton is invalid.
Line 66: The property name UMCOL in cmdButton is invalid.
Line 67: The property name SOFT in cmdButton is invalid.
Line 68: The property name PICPOS in cmdButton is invalid.
Line 69: The property name NGREY in cmdButton is invalid.
Line 70: The property name FX in cmdButton is invalid.
Line 71: The property name HAND in cmdButton is invalid.
Line 72: The property name CHECK in cmdButton is invalid.
Line 73: The property name VALUE in cmdButton is invalid.
Line 83: The property name _ExtentX in cmdLabel is invalid.
Line 84: The property name _ExtentY in cmdLabel is invalid.
Line 85: The property name BTYPE in cmdLabel is invalid.
Line 86: The property name TX in cmdLabel is invalid.
Line 87: The property name ENAB in cmdLabel is invalid.
Line 97: The property name COLTYPE in cmdLabel is invalid.
Line 98: The property name FOCUSR in cmdLabel is invalid.
Line 99: The property name BCOL in cmdLabel is invalid.
Line 100: The property name BCOLO in cmdLabel is invalid.
Line 101: The property name FCOL in cmdLabel is invalid.
Line 102: The property name FCOLO in cmdLabel is invalid.
Line 103: The property name MCOL in cmdLabel is invalid.
Line 104: The property name MPTR in cmdLabel is invalid.
Line 105: The property name MICON in cmdLabel is invalid.
Line 106: The property name PICN in cmdLabel is invalid.
Line 107: The property name UMCOL in cmdLabel is invalid.
Line 108: The property name SOFT in cmdLabel is invalid.
Line 109: The property name PICPOS in cmdLabel is invalid.
Line 110: The property name NGREY in cmdLabel is invalid.
Line 111: The property name FX in cmdLabel is invalid.
Line 112: The property name HAND in cmdLabel is invalid.
Line 113: The property name CHECK in cmdLabel is invalid.
Line 114: The property name VALUE in cmdLabel is invalid.
Line 124: The property name _ExtentX in cmdFrame is invalid.
Line 125: The property name _ExtentY in cmdFrame is invalid.
Line 126: The property name BTYPE in cmdFrame is invalid.
Line 127: The property name TX in cmdFrame is invalid.
Line 128: The property name ENAB in cmdFrame is invalid.
Line 138: The property name COLTYPE in cmdFrame is invalid.
Line 139: The property name FOCUSR in cmdFrame is invalid.
Line 140: The property name BCOL in cmdFrame is invalid.
Line 141: The property name BCOLO in cmdFrame is invalid.
Line 142: The property name FCOL in cmdFrame is invalid.
Line 143: The property name FCOLO in cmdFrame is invalid.
Line 144: The property name MCOL in cmdFrame is invalid.
Line 145: The property name MPTR in cmdFrame is invalid.
Line 146: The property name MICON in cmdFrame is invalid.
Line 147: The property name PICN in cmdFrame is invalid.
Line 148: The property name UMCOL in cmdFrame is invalid.
Line 149: The property name SOFT in cmdFrame is invalid.
Line 150: The property name PICPOS in cmdFrame is invalid.
Line 151: The property name NGREY in cmdFrame is invalid.
Line 152: The property name FX in cmdFrame is invalid.
Line 153: The property name HAND in cmdFrame is invalid.
Line 154: The property name CHECK in cmdFrame is invalid.
Line 155: The property name VALUE in cmdFrame is invalid.
Line 165: The property name _ExtentX in cmdPicture is invalid.
Line 166: The property name _ExtentY in cmdPicture is invalid.
Line 167: The property name BTYPE in cmdPicture is invalid.
Line 168: The property name TX in cmdPicture is invalid.
Line 169: The property name ENAB in cmdPicture is invalid.
Line 179: The property name COLTYPE in cmdPicture is invalid.
Line 180: The property name FOCUSR in cmdPicture is invalid.
Line 181: The property name BCOL in cmdPicture is invalid.
Line 182: The property name BCOLO in cmdPicture is invalid.
Line 183: The property name FCOL in cmdPicture is invalid.
Line 184: The property name FCOLO in cmdPicture is invalid.
Line 185: The property name MCOL in cmdPicture is invalid.
Line 186: The property name MPTR in cmdPicture is invalid.
Line 187: The property name MICON in cmdPicture is invalid.
Line 188: The property name PICN in cmdPicture is invalid.
Line 189: The property name UMCOL in cmdPicture is invalid.
Line 190: The property name SOFT in cmdPicture is invalid.
Line 191: The property name PICPOS in cmdPicture is invalid.
Line 192: The property name NGREY in cmdPicture is invalid.
Line 193: The property name FX in cmdPicture is invalid.
Line 194: The property name HAND in cmdPicture is invalid.
Line 195: The property name CHECK in cmdPicture is invalid.
Line 196: The property name VALUE in cmdPicture is invalid.
Line 206: The property name _ExtentX in cmdTextBox is invalid.
Line 207: The property name _ExtentY in cmdTextBox is invalid.
Line 208: The property name BTYPE in cmdTextBox is invalid.
Line 209: The property name TX in cmdTextBox is invalid.
Line 210: The property name ENAB in cmdTextBox is invalid.
Line 220: The property name COLTYPE in cmdTextBox is invalid.
Line 221: The property name FOCUSR in cmdTextBox is invalid.
Line 222: The property name BCOL in cmdTextBox is invalid.
Line 223: The property name BCOLO in cmdTextBox is invalid.
Line 224: The property name FCOL in cmdTextBox is invalid.
Line 225: The property name FCOLO in cmdTextBox is invalid.
Line 226: The property name MCOL in cmdTextBox is invalid.
Line 227: The property name MPTR in cmdTextBox is invalid.
Line 228: The property name MICON in cmdTextBox is invalid.
Line 229: The property name PICN in cmdTextBox is invalid.
Line 230: The property name UMCOL in cmdTextBox is invalid.
Line 231: The property name SOFT in cmdTextBox is invalid.
Line 232: The property name PICPOS in cmdTextBox is invalid.
Line 233: The property name NGREY in cmdTextBox is invalid.
Line 234: The property name FX in cmdTextBox is invalid.
Line 235: The property name HAND in cmdTextBox is invalid.
Line 236: The property name CHECK in cmdTextBox is invalid.
Line 237: The property name VALUE in cmdTextBox is invalid.
Line 247: The property name _ExtentX in cmdCheckBox is invalid.
Line 248: The property name _ExtentY in cmdCheckBox is invalid.
Line 249: The property name BTYPE in cmdCheckBox is invalid.
Line 250: The property name TX in cmdCheckBox is invalid.
Line 251: The property name ENAB in cmdCheckBox is invalid.
Line 261: The property name COLTYPE in cmdCheckBox is invalid.
Line 262: The property name FOCUSR in cmdCheckBox is invalid.
Line 263: The property name BCOL in cmdCheckBox is invalid.
Line 264: The property name BCOLO in cmdCheckBox is invalid.
Line 265: The property name FCOL in cmdCheckBox is invalid.
Line 266: The property name FCOLO in cmdCheckBox is invalid.
Line 267: The property name MCOL in cmdCheckBox is invalid.
Line 268: The property name MPTR in cmdCheckBox is invalid.
Line 269: The property name MICON in cmdCheckBox is invalid.
Line 270: The property name PICN in cmdCheckBox is invalid.
Line 271: The property name UMCOL in cmdCheckBox is invalid.
Line 272: The property name SOFT in cmdCheckBox is invalid.
Line 273: The property name PICPOS in cmdCheckBox is invalid.
Line 274: The property name NGREY in cmdCheckBox is invalid.
Line 275: The property name FX in cmdCheckBox is invalid.
Line 276: The property name HAND in cmdCheckBox is invalid.
Line 277: The property name CHECK in cmdCheckBox is invalid.
Line 278: The property name VALUE in cmdCheckBox is invalid.
Line 288: The property name _ExtentX in cmdOption is invalid.
Line 289: The property name _ExtentY in cmdOption is invalid.
Line 290: The property name BTYPE in cmdOption is invalid.
Line 291: The property name TX in cmdOption is invalid.
Line 292: The property name ENAB in cmdOption is invalid.
Line 302: The property name COLTYPE in cmdOption is invalid.
Line 303: The property name FOCUSR in cmdOption is invalid.
Line 304: The property name BCOL in cmdOption is invalid.
Line 305: The property name BCOLO in cmdOption is invalid.
Line 306: The property name FCOL in cmdOption is invalid.
Line 307: The property name FCOLO in cmdOption is invalid.
Line 308: The property name MCOL in cmdOption is invalid.
Line 309: The property name MPTR in cmdOption is invalid.
Line 310: The property name MICON in cmdOption is invalid.
Line 311: The property name PICN in cmdOption is invalid.
Line 312: The property name UMCOL in cmdOption is invalid.
Line 313: The property name SOFT in cmdOption is invalid.
Line 314: The property name PICPOS in cmdOption is invalid.
Line 315: The property name NGREY in cmdOption is invalid.
Line 316: The property name FX in cmdOption is invalid.
Line 317: The property name HAND in cmdOption is invalid.
Line 318: The property name CHECK in cmdOption is invalid.
Line 319: The property name VALUE in cmdOption is invalid.
Line 328: The property name _ExtentX in cmdMouse is invalid.
Line 329: The property name _ExtentY in cmdMouse is invalid.
Line 330: The property name BTYPE in cmdMouse is invalid.
Line 331: The property name TX in cmdMouse is invalid.
Line 332: The property name ENAB in cmdMouse is invalid.
Line 342: The property name COLTYPE in cmdMouse is invalid.
Line 343: The property name FOCUSR in cmdMouse is invalid.
Line 344: The property name BCOL in cmdMouse is invalid.
Line 345: The property name BCOLO in cmdMouse is invalid.
Line 346: The property name FCOL in cmdMouse is invalid.
Line 347: The property name FCOLO in cmdMouse is invalid.
Line 348: The property name MCOL in cmdMouse is invalid.
Line 349: The property name MPTR in cmdMouse is invalid.
Line 350: The property name MICON in cmdMouse is invalid.
Line 351: The property name PICN in cmdMouse is invalid.
Line 352: The property name UMCOL in cmdMouse is invalid.
Line 353: The property name SOFT in cmdMouse is invalid.
Line 354: The property name PICPOS in cmdMouse is invalid.
Line 355: The property name NGREY in cmdMouse is invalid.
Line 356: The property name FX in cmdMouse is invalid.
Line 357: The property name HAND in cmdMouse is invalid.
Line 358: The property name CHECK in cmdMouse is invalid.
Line 359: The property name VALUE in cmdMouse is invalid.
